<?xml version="1.0" encoding="UTF-8"?>
<!-- Generated by org.testng.reporters.JUnitReportReporter -->
<testsuite hostname="Animeshs-MacBook-Air.local" failures="0" tests="3" name="practice_1.Login_DataDriven_testTest" time="23.053" errors="0" timestamp="2024-05-05T22:50:56 IST" skipped="0">
  <testcase classname="practice_1.Login_DataDriven_testTest" name="loginTestTest" time="9.867"/>
  <system-out/>
  <testcase classname="practice_1.Login_DataDriven_testTest" name="loginTestTest" time="8.510"/>
  <system-out/>
  <testcase classname="practice_1.Login_DataDriven_testTest" name="loginTestTest" time="4.676"/>
  <system-out/>
</testsuite> <!-- practice_1.Login_DataDriven_testTest -->
