<?xml version="1.0" encoding="UTF-8"?>
<!-- Generated by org.testng.reporters.JUnitReportReporter -->
<testsuite hostname="Animeshs-MacBook-Air.local" failures="0" tests="1" name="testNG_test.NewTest" time="0.006" errors="0" timestamp="2024-05-16T01:18:28 IST" skipped="0">
  <testcase classname="testNG_test.NewTest" name="testMethod1" time="0.006"/>
  <system-out/>
</testsuite> <!-- testNG_test.NewTest -->
